<?xml version="1.0" encoding="UTF-8"?>
<!-- Generated by org.testng.reporters.JUnitXMLReporter -->
<testsuite hostname="DESKTOP-E69K95O" name="Regression Tests" tests="9" failures="2" timestamp="17 Oct 2021 15:14:57 GMT" time="33.356" errors="0">
  <testcase name="validatePositiveLogin" time="2.544" classname="com.saucedemo.Test.validateLoginData"/>
  <testcase name="validatLockedOutUserLogin" time="2.264" classname="com.saucedemo.Test.validateLoginData"/>
  <testcase name="validatProblemUserLogin" time="2.283" classname="com.saucedemo.Test.validateLoginData"/>
  <testcase name="validatglitchUserLogin" time="7.331" classname="com.saucedemo.Test.validateLoginData">
    <failure type="java.lang.AssertionError" message="expected [https://www.saucedemo.com/inventor.html] but found [https://www.saucedemo.com/inventory.html]">
      <![CDATA[java.lang.AssertionError: expected [https://www.saucedemo.com/inventor.html] but found [https://www.saucedemo.com/inventory.html]
	at com.saucedemo.Test.validateLoginData.validatglitchUserLogin(validateLoginData.java:119)
... Removed 29 stack frames]]>
    </failure>
  </testcase> <!-- validatglitchUserLogin -->
  <testcase name="endToEnd" time="8.997" classname="com.saucedemo.Test.validateEndToEndProductbuy"/>
  <testcase name="validateWebUrl" time="0.029" classname="com.saucedemo.Test.validateLoginPage"/>
  <testcase name="validateWebTitle" time="0.012" classname="com.saucedemo.Test.validateLoginPage">
    <failure type="java.lang.AssertionError" message="expected [Swag Products] but found [Swag Labs]">
      <![CDATA[java.lang.AssertionError: expected [Swag Products] but found [Swag Labs]
	at com.saucedemo.Test.validateLoginPage.validateWebTitle(validateLoginPage.java:52)
... Removed 29 stack frames]]>
    </failure>
  </testcase> <!-- validateWebTitle -->
  <testcase name="validateLoginElementsDisplay" time="0.111" classname="com.saucedemo.Test.validateElementsLoginPage"/>
  <testcase name="validateLoginElementsEnabled" time="0.091" classname="com.saucedemo.Test.validateElementsLoginPage"/>
</testsuite> <!-- Regression Tests -->
