<?xml version="1.0" encoding="UTF-8"?>
<testng-results skipped="0" failed="0" total="2" passed="2">
  <reporter-output>
  </reporter-output>
  <suite name="Default suite" duration-ms="2046" started-at="2021-10-24T16:04:56Z" finished-at="2021-10-24T16:04:58Z">
    <groups>
    </groups>
    <test name="Default test" duration-ms="2046" started-at="2021-10-24T16:04:56Z" finished-at="2021-10-24T16:04:58Z">
      <class name="com.test.validateElementsLoginPage">
        <test-method status="PASS" signature="setupTest()[pri:0, instance:com.test.validateElementsLoginPage@75f32542]" name="setupTest" is-config="true" duration-ms="1807" started-at="2021-10-24T12:04:56Z" finished-at="2021-10-24T12:04:58Z">
          <reporter-output>
          </reporter-output>
        </test-method> <!-- setupTest -->
        <test-method status="PASS" signature="validateLoginElementsDisplay()[pri:0, instance:com.test.validateElementsLoginPage@75f32542]" name="validateLoginElementsDisplay" duration-ms="119" started-at="2021-10-24T12:04:58Z" finished-at="2021-10-24T12:04:58Z">
          <reporter-output>
          </reporter-output>
        </test-method> <!-- validateLoginElementsDisplay -->
        <test-method status="PASS" signature="validateLoginElementsEnabled()[pri:0, instance:com.test.validateElementsLoginPage@75f32542]" name="validateLoginElementsEnabled" duration-ms="103" started-at="2021-10-24T12:04:58Z" depends-on-methods="com.test.validateElementsLoginPage.validateLoginElementsDisplay" finished-at="2021-10-24T12:04:58Z">
          <reporter-output>
          </reporter-output>
        </test-method> <!-- validateLoginElementsEnabled -->
      </class> <!-- com.test.validateElementsLoginPage -->
    </test> <!-- Default test -->
  </suite> <!-- Default suite -->
</testng-results>
